==13969== Memcheck, a memory error detector
==13969== Copyright (C) 2002-2017, and GNU GPL'd, by Julian Seward et al.
==13969== Using Valgrind-3.15.0 and LibVEX; rerun with -h for copyright info
==13969== Command: ./lab05
==13969== Parent PID: 12254
==13969== 
==13969== 
==13969== HEAP SUMMARY:
==13969==     in use at exit: 244 bytes in 12 blocks
==13969==   total heap usage: 15 allocs, 3 frees, 2,316 bytes allocated
==13969== 
==13969== 36 (16 direct, 20 indirect) bytes in 1 blocks are definitely lost in loss record 4 of 7
==13969==    at 0x483B7F3: malloc (in /usr/lib/x86_64-linux-gnu/valgrind/vgpreload_memcheck-amd64-linux.so)
==13969==    by 0x109420: cria_vetor (in /home/vinicius_leme/projects/c/labs/lab05/lab05)
==13969==    by 0x1095AF: cria_matriz (in /home/vinicius_leme/projects/c/labs/lab05/lab05)
==13969==    by 0x10926E: main (in /home/vinicius_leme/projects/c/labs/lab05/lab05)
==13969== 
==13969== 208 (24 direct, 184 indirect) bytes in 1 blocks are definitely lost in loss record 7 of 7
==13969==    at 0x483B7F3: malloc (in /usr/lib/x86_64-linux-gnu/valgrind/vgpreload_memcheck-amd64-linux.so)
==13969==    by 0x10957D: cria_matriz (in /home/vinicius_leme/projects/c/labs/lab05/lab05)
==13969==    by 0x10926E: main (in /home/vinicius_leme/projects/c/labs/lab05/lab05)
==13969== 
==13969== LEAK SUMMARY:
==13969==    definitely lost: 40 bytes in 2 blocks
==13969==    indirectly lost: 204 bytes in 10 blocks
==13969==      possibly lost: 0 bytes in 0 blocks
==13969==    still reachable: 0 bytes in 0 blocks
==13969==         suppressed: 0 bytes in 0 blocks
==13969== 
==13969== For lists of detected and suppressed errors, rerun with: -s
==13969== ERROR SUMMARY: 2 errors from 2 contexts (suppressed: 0 from 0)
